<?xml version="1.0" encoding="UTF-8"?>
<!-- Generated by org.testng.reporters.JUnitReportReporter -->
<testsuite hostname="DESKTOP-5H37N86" failures="0" tests="1" name="trjpomTest.SubmitQueryRequestCallback" time="13.345" errors="0" timestamp="2025-04-14T11:13:40 IST" skipped="0">
  <testcase classname="trjpomTest.SubmitQueryRequestCallback" name="RequestCallBack" time="13.345"/>
</testsuite> <!-- trjpomTest.SubmitQueryRequestCallback -->
